〜〜〜〜〜〜〜 【BL】データ取得処理例外情報 〜〜〜〜〜〜〜
[例外発生日時]:2022/03/23 15:10:16.051
[例外種類]:System.Data.SqlClient.SqlException
[例外メッセージ]:オブジェクト名 'V_Shouhin' が無効です。
[例外オブジェクト]:.Net SqlClient Data Provider
[例外メソッド]:System.Collections.Generic.List`1[WebFormBL.V_Shouhin] GetShouhinSelect(WebFormBL.A950_CommonPropertyBL)
[例外スタックトレース]:
   場所 WebFormBL.A952_ShouhinBL.GetShouhinSelect(A950_CommonPropertyBL cb) 場所 C:\Users\Nezu\01_XPにあったやつ\モールス\勤務届け\ISF\自宅待機の勉強\05_web_vs2019\01_hosyuStudy\nezu\WebFormStudy\WebFormBL\A952_ShouhinBL.cs:行 113
   場所 WebFormStudy.A010_Shouhin.A012_ShouhinList.Page_Load(Object sender, EventArgs e) 場所 C:\Users\Nezu\01_XPにあったやつ\モールス\勤務届け\ISF\自宅待機の勉強\05_web_vs2019\01_hosyuStudy\nezu\WebFormStudy\WebFormStudy\A010_Shouhin\A012_ShouhinList.aspx.cs:行 31

〜〜〜〜〜〜〜 アプリケーション例外情報 〜〜〜〜〜〜〜
[例外発生日時]:2022/03/23 16:06:19.302
[例外種類]:System.Web.HttpException
[例外メッセージ]:ファイル '/A010_Shouhin/A012_ShouhinList_.aspx' は存在しません。
[例外オブジェクト]:System.Web
[例外メソッド]:Void CheckVirtualFileExists(System.Web.VirtualPath)
[例外スタックトレース]:
   場所 System.Web.UI.Util.CheckVirtualFileExists(VirtualPath virtualPath)
   場所 System.Web.Compilation.BuildManager.GetVPathBuildResultInternal(VirtualPath virtualPath, Boolean noBuild, Boolean allowCrossApp, Boolean allowBuildInPrecompile, Boolean throwIfNotFound, Boolean ensureIsUpToDate)
   場所 System.Web.Compilation.BuildManager.GetVPathBuildResultWithNoAssert(HttpContext context, VirtualPath virtualPath, Boolean noBuild, Boolean allowCrossApp, Boolean allowBuildInPrecompile, Boolean throwIfNotFound, Boolean ensureIsUpToDate)
   場所 System.Web.Compilation.BuildManager.GetVirtualPathObjectFactory(VirtualPath virtualPath, HttpContext context, Boolean allowCrossApp, Boolean throwIfNotFound)
   場所 System.Web.Compilation.BuildManager.CreateInstanceFromVirtualPath(VirtualPath virtualPath, Type requiredBaseType, HttpContext context, Boolean allowCrossApp)
   場所 System.Web.UI.PageHandlerFactory.GetHandlerHelper(HttpContext context, String requestType, VirtualPath virtualPath, String physicalPath)
   場所 System.Web.UI.PageHandlerFactory.GetHandler(HttpContext context, String requestType, String virtualPath, String path)
   場所 System.Web.HttpApplication.MaterializeHandlerExecutionStep.System.Web.HttpApplication.IExecutionStep.Execute()
   場所 System.Web.HttpApplication.ExecuteStepImpl(IExecutionStep step)
   場所 System.Web.HttpApplication.ExecuteStep(IExecutionStep step, Boolean& completedSynchronously)

